<?xml version="1.0" encoding="UTF-8"?>
<testng-results skipped="0" failed="0" ignored="0" total="1" passed="1">
  <reporter-output>
  </reporter-output>
  <suite name="Default suite" duration-ms="62" started-at="2019-09-29T23:09:57 IST" finished-at="2019-09-29T23:09:57 IST">
    <groups>
    </groups>
    <test name="Default test" duration-ms="62" started-at="2019-09-29T23:09:57 IST" finished-at="2019-09-29T23:09:57 IST">
      <class name="crossBrowserTesting.TestNGConcept">
        <test-method status="PASS" signature="beforeSuite()[pri:0, instance:crossBrowserTesting.TestNGConcept@5c5a1b69]" name="beforeSuite" is-config="true" duration-ms="16" started-at="2019-09-29T23:09:57 IST" finished-at="2019-09-29T23:09:57 IST">
          <reporter-output>
          </reporter-output>
        </test-method> <!-- beforeSuite -->
        <test-method status="PASS" signature="beforeTest()[pri:0, instance:crossBrowserTesting.TestNGConcept@5c5a1b69]" name="beforeTest" is-config="true" duration-ms="0" started-at="2019-09-29T23:09:57 IST" finished-at="2019-09-29T23:09:57 IST">
          <reporter-output>
          </reporter-output>
        </test-method> <!-- beforeTest -->
        <test-method status="PASS" signature="beforeClass()[pri:0, instance:crossBrowserTesting.TestNGConcept@5c5a1b69]" name="beforeClass" is-config="true" duration-ms="0" started-at="2019-09-29T23:09:57 IST" finished-at="2019-09-29T23:09:57 IST">
          <reporter-output>
          </reporter-output>
        </test-method> <!-- beforeClass -->
        <test-method status="PASS" signature="afterClass()[pri:0, instance:crossBrowserTesting.TestNGConcept@5c5a1b69]" name="afterClass" is-config="true" duration-ms="0" started-at="2019-09-29T23:09:57 IST" finished-at="2019-09-29T23:09:57 IST">
          <reporter-output>
          </reporter-output>
        </test-method> <!-- afterClass -->
        <test-method status="PASS" signature="beforeMethod()[pri:0, instance:crossBrowserTesting.TestNGConcept@5c5a1b69]" name="beforeMethod" is-config="true" duration-ms="0" started-at="2019-09-29T23:09:57 IST" finished-at="2019-09-29T23:09:57 IST">
          <reporter-output>
          </reporter-output>
        </test-method> <!-- beforeMethod -->
        <test-method status="PASS" signature="afterMethod()[pri:0, instance:crossBrowserTesting.TestNGConcept@5c5a1b69]" name="afterMethod" is-config="true" duration-ms="0" started-at="2019-09-29T23:09:57 IST" finished-at="2019-09-29T23:09:57 IST">
          <reporter-output>
          </reporter-output>
        </test-method> <!-- afterMethod -->
        <test-method status="PASS" signature="test()[pri:0, instance:crossBrowserTesting.TestNGConcept@5c5a1b69]" name="test" duration-ms="0" started-at="2019-09-29T23:09:57 IST" finished-at="2019-09-29T23:09:57 IST">
          <reporter-output>
          </reporter-output>
        </test-method> <!-- test -->
        <test-method status="PASS" signature="afterTest()[pri:0, instance:crossBrowserTesting.TestNGConcept@5c5a1b69]" name="afterTest" is-config="true" duration-ms="0" started-at="2019-09-29T23:09:57 IST" finished-at="2019-09-29T23:09:57 IST">
          <reporter-output>
          </reporter-output>
        </test-method> <!-- afterTest -->
        <test-method status="PASS" signature="afterSuite()[pri:0, instance:crossBrowserTesting.TestNGConcept@5c5a1b69]" name="afterSuite" is-config="true" duration-ms="0" started-at="2019-09-29T23:09:58 IST" finished-at="2019-09-29T23:09:58 IST">
          <reporter-output>
          </reporter-output>
        </test-method> <!-- afterSuite -->
      </class> <!-- crossBrowserTesting.TestNGConcept -->
    </test> <!-- Default test -->
  </suite> <!-- Default suite -->
</testng-results>
